Arguments: 
  C:\Program Files\nodejs\node.exe C:\Program Files (x86)\Yarn\bin\yarn.js add tinacms @tinacms/cli

PATH: 
  C:\Python311\Scripts\;C:\Python311\;C:\Program Files (x86)\Common Files\Oracle\Java\javapath;C:\Program Files\Alacritty\;C:\Windows\system32;C:\Windows;C:\Windows\System32\Wbem;C:\Windows\System32\WindowsPowerShell\v1.0\;C:\Windows\System32\OpenSSH\;C:\Program Files (x86)\NVIDIA Corporation\PhysX\Common;C:\Program Files\Intel\WiFi\bin\;C:\Program Files\Common Files\Intel\WirelessCommon\;C:\Program Files (x86)\Keyman\Keyman Developer\;C:\ProgramData\chocolatey\bin;C:\WINDOWS\system32;C:\WINDOWS;C:\WINDOWS\System32\Wbem;C:\WINDOWS\System32\WindowsPowerShell\v1.0\;C:\WINDOWS\System32\OpenSSH\;C:\Program Files\NVIDIA Corporation\NVIDIA NvDLISR;C:\Program Files\PuTTY\;C:\Program Files (x86)\Bluetooth Command Line Tools\bin;C:\Program Files\VSCodium\bin;C:\Program Files (x86)\Yarn\bin\;C:\Program Files (x86)\QuickTime\QTSystem\;C:\Program Files\Git\cmd;C:\WINDOWS\system32;C:\WINDOWS;C:\WINDOWS\System32\Wbem;C:\WINDOWS\System32\WindowsPowerShell\v1.0\;C:\WINDOWS\System32\OpenSSH\;C:\Program Files\dotnet\;C:\Program Files (x86)\dotnet\;C:\Program Files\Calibre2\;C:\Program Files\nodejs\;C:\Users\gmgoo\AppData\Local\Programs\Python\Python39\Scripts\;C:\Users\gmgoo\AppData\Local\Programs\Python\Python39\;C:\Ruby27-x64\bin;C:\Users\gmgoo\scoop\shims;C:\Users\gmgoo\AppData\Local\Microsoft\WindowsApps;C:\Users\gmgoo\AppData\Local\Programs\Microsoft VS Code\bin;C:\Users\gmgoo\spicetify-cli;C:\Users\gmgoo\AppData\Local\Microsoft\WindowsApps;C:\Program Files\heroku\bin;C:\Users\gmgoo\AppData\Local\Yarn\bin;C:\Users\gmgoo\AppData\Local\hyper\app-3.0.2\resources\bin;C:\Users\gmgoo\AppData\Local\GitHubDesktop\bin;C:\FFmpeg\bin\;C:\Users\gmgoo\.dotnet\tools;C:\Users\gmgoo\AppData\Roaming\npm

Yarn version: 
  1.22.5

Node version: 
  18.15.0

Platform: 
  win32 x64

Trace: 
  Error: ENOENT: no such file or directory, lstat 'F:\randall-working\randallgoosby\node_modules\@udecode\.plate-highlight-lmpQjZj0'

npm manifest: 
  {
    "name": "randallgoosby",
    "version": "1.0.0",
    "description": "",
    "main": "index.js",
    "scripts": {
      "test": "echo \"Error: no test specified\" && exit 1"
    },
    "keywords": [],
    "author": "",
    "license": "ISC"
  }

yarn manifest: 
  No manifest

Lockfile: 
  No lockfile
